<?xml version="1.0" encoding="UTF-8"?>
<!-- Generated by org.testng.reporters.JUnitReportReporter -->
<testsuite hostname="mobtaker-18" failures="0" tests="1" name="StepDefinitions.FunctionalTest" time="74.135" errors="0" timestamp="2021-12-05T12:42:20 IRST" skipped="0">
  <testcase classname="StepDefinitions.FunctionalTest" name="go_to_the_site" time="74.135"/>
  <system-out/>
</testsuite> <!-- StepDefinitions.FunctionalTest -->
